Using pre-set license
Built from '2020.2/release' branch; Version is '2020.2.2f1 (068178b99f32) revision 426360'; Using compiler version '192528614'; Build Type 'Release'
OS: 'Windows 10 Home; OS build 19041.804; Version 2004; 64bit' Language: 'en' Physical Memory: 16111 MB
BatchMode: 1, IsHumanControllingUs: 0, StartBugReporterOnCrash: 0, Is64bit: 1, IsPro: 0

 COMMAND LINE ARGUMENTS:
C:\Program Files\Unity\Hub\Editor\2020.2.2f1\Editor\Unity.exe
-adb2
-batchMode
-noUpm
-name
AssetImportWorker0
-projectPath
C:/Users/samle/OneDrive/Documents/GitHub/StairGame
-logFile
Logs/AssetImportWorker0.log
-srvPort
63422
Successfully changed project path to: C:/Users/samle/OneDrive/Documents/GitHub/StairGame
C:/Users/samle/OneDrive/Documents/GitHub/StairGame
Using Asset Import Pipeline V2.
Refreshing native plugins compatible for Editor in 27.86 ms, found 0 plugins.
Preloading 0 native plugins for Editor in 0.00 ms.
Initialize engine version: 2020.2.2f1 (068178b99f32)
[Subsystems] Discovering subsystems at path C:/Program Files/Unity/Hub/Editor/2020.2.2f1/Editor/Data/Resources/UnitySubsystems
[Subsystems] Discovering subsystems at path C:/Users/samle/OneDrive/Documents/GitHub/StairGame/Assets
GfxDevice: creating device client; threaded=0
Direct3D:
    Version:  Direct3D 11.0 [level 11.1]
    Renderer: NVIDIA GeForce GTX 1650 (ID=0x1f91)
    Vendor:   
    VRAM:     3964 MB
    Driver:   27.21.14.5751
Initialize mono
Mono path[0] = 'C:/Program Files/Unity/Hub/Editor/2020.2.2f1/Editor/Data/Managed'
Mono path[1] = 'C:/Program Files/Unity/Hub/Editor/2020.2.2f1/Editor/Data/MonoBleedingEdge/lib/mono/unityjit'
Mono config path = 'C:/Program Files/Unity/Hub/Editor/2020.2.2f1/Editor/Data/MonoBleedingEdge/etc'
Using monoOptions --debugger-agent=transport=dt_socket,embedding=1,server=y,suspend=n,address=127.0.0.1:56912
Begin MonoManager ReloadAssembly
Registering precompiled unity dll's ...
Register platform support module: C:/Program Files/Unity/Hub/Editor/2020.2.2f1/Editor/Data/PlaybackEngines/WindowsStandaloneSupport/UnityEditor.WindowsStandalone.Extensions.dll
Registered in 0.001705 seconds.
Native extension for WindowsStandalone target not found
Refreshing native plugins compatible for Editor in 25.63 ms, found 0 plugins.
Preloading 0 native plugins for Editor in 0.00 ms.
Invoked RoslynAnalysisRunner static constructor.
RoslynAnalysisRunner will not be running.
RoslynAnalysisRunner has terminated.
Mono: successfully reloaded assembly
- Completed reload, in  0.865 seconds
Platform modules already initialized, skipping
Registering precompiled user dll's ...
Registered in 0.000631 seconds.
Begin MonoManager ReloadAssembly
Native extension for WindowsStandalone target not found
Refreshing native plugins compatible for Editor in 0.25 ms, found 0 plugins.
Preloading 0 native plugins for Editor in 0.00 ms.
Invoked RoslynAnalysisRunner static constructor.
RoslynAnalysisRunner will not be running.
RoslynAnalysisRunner has terminated.
Mono: successfully reloaded assembly
- Completed reload, in  0.820 seconds
Platform modules already initialized, skipping
========================================================================
Worker process is ready to serve import requests
Launched and connected shader compiler UnityShaderCompiler.exe after 0.04 seconds
Refreshing native plugins compatible for Editor in 0.29 ms, found 0 plugins.
Preloading 0 native plugins for Editor in 0.00 ms.
Unloading 1520 Unused Serialized files (Serialized files now loaded: 0)
System memory in use before: 87.8 MB.
System memory in use after: 87.8 MB.

Unloading 67 unused Assets to reduce memory usage. Loaded Objects now: 1974.
Total: 2.204700 ms (FindLiveObjects: 0.176000 ms CreateObjectMapping: 0.060600 ms MarkObjects: 1.822000 ms  DeleteObjects: 0.145400 ms)

========================================================================
Received Import Request.
  path: Assets/Scenes/GreyBox2.unity
  artifactKey: Guid(3cee2e039ecbdf94e964cf31dcb05d15) Importer(815301076,1909f56bfc062723c751e8b465ee728b)
Start importing Assets/Scenes/GreyBox2.unity using Guid(3cee2e039ecbdf94e964cf31dcb05d15) Importer(815301076,1909f56bfc062723c751e8b465ee728b)  -> (artifact id: '4f64ba1b9b21ac9742b70162f5be6814') in 0.009307 seconds
  Import took 0.011466 seconds .

========================================================================
Received Prepare
Registering precompiled user dll's ...
Registered in 0.000599 seconds.
Begin MonoManager ReloadAssembly
Native extension for WindowsStandalone target not found
Refreshing native plugins compatible for Editor in 0.27 ms, found 0 plugins.
Preloading 0 native plugins for Editor in 0.00 ms.
Warning: Annotation not found!
UnityEngine.StackTraceUtility:ExtractStackTrace ()
UnityEditor.ProBuilder.EditorUtility:SetGizmoIconEnabled (System.Type,bool) (at Library/PackageCache/com.unity.probuilder@4.4.0/Editor/EditorCore/EditorUtility.cs:593)
UnityEditor.ProBuilder.HierarchyListener:.cctor () (at Library/PackageCache/com.unity.probuilder@4.4.0/Editor/EditorCore/HierarchyListener.cs:21)
System.Runtime.CompilerServices.RuntimeHelpers:RunClassConstructor (System.RuntimeTypeHandle)
UnityEditor.EditorAssemblies:ProcessInitializeOnLoadAttributes (System.Type[])

[Library/PackageCache/com.unity.probuilder@4.4.0/Editor/EditorCore/EditorUtility.cs line 593]

Invoked RoslynAnalysisRunner static constructor.
RoslynAnalysisRunner will not be running.
RoslynAnalysisRunner has terminated.
Mono: successfully reloaded assembly
- Completed reload, in  0.835 seconds
Platform modules already initialized, skipping
Refreshing native plugins compatible for Editor in 0.73 ms, found 0 plugins.
Preloading 0 native plugins for Editor in 0.00 ms.
Unloading 1473 Unused Serialized files (Serialized files now loaded: 0)
System memory in use before: 85.3 MB.
System memory in use after: 85.3 MB.

Unloading 5 unused Assets to reduce memory usage. Loaded Objects now: 1976.
Total: 2.740100 ms (FindLiveObjects: 0.151600 ms CreateObjectMapping: 0.055000 ms MarkObjects: 2.459500 ms  DeleteObjects: 0.072700 ms)

========================================================================
Received Import Request.
  Time since last request: 88.849670 seconds.
  path: Assets/Scenes/Level1.unity
  artifactKey: Guid(9fc0d4010bbf28b4594072e72b8655ab) Importer(815301076,1909f56bfc062723c751e8b465ee728b)
Start importing Assets/Scenes/Level1.unity using Guid(9fc0d4010bbf28b4594072e72b8655ab) Importer(815301076,1909f56bfc062723c751e8b465ee728b)  -> (artifact id: 'ab8db087a28190595be5190a2725f54b') in 0.009487 seconds
  Import took 0.011777 seconds .

========================================================================
Received Import Request.
  Time since last request: 0.001896 seconds.
  path: Assets/Scenes/Level1.unity
  artifactKey: Guid(9fc0d4010bbf28b4594072e72b8655ab) Importer(815301076,1909f56bfc062723c751e8b465ee728b)
Start importing Assets/Scenes/Level1.unity using Guid(9fc0d4010bbf28b4594072e72b8655ab) Importer(815301076,1909f56bfc062723c751e8b465ee728b)  -> (artifact id: 'ab8db087a28190595be5190a2725f54b') in 0.003146 seconds
  Import took 0.005558 seconds .

========================================================================
Received Import Request.
  Time since last request: 48.255603 seconds.
  path: Assets/Scenes/GreyBox2.unity
  artifactKey: Guid(3cee2e039ecbdf94e964cf31dcb05d15) Importer(815301076,1909f56bfc062723c751e8b465ee728b)
Start importing Assets/Scenes/GreyBox2.unity using Guid(3cee2e039ecbdf94e964cf31dcb05d15) Importer(815301076,1909f56bfc062723c751e8b465ee728b)  -> (artifact id: 'a832548309ae83750a3f7d14ae5765a3') in 0.002514 seconds
  Import took 0.004792 seconds .

========================================================================
Received Import Request.
  Time since last request: 15.862821 seconds.
  path: Assets/Scenes/GreyBox1.unity
  artifactKey: Guid(9a08cbc51c132bf4292c5035e3aa174b) Importer(815301076,1909f56bfc062723c751e8b465ee728b)
Start importing Assets/Scenes/GreyBox1.unity using Guid(9a08cbc51c132bf4292c5035e3aa174b) Importer(815301076,1909f56bfc062723c751e8b465ee728b)  -> (artifact id: '1ee06ca83ce62dcf9040fe31fff75637') in 0.007321 seconds
  Import took 0.009796 seconds .

========================================================================
Received Import Request.
  Time since last request: 2.450489 seconds.
  path: Assets/Scenes/GreyBox2 1.unity
  artifactKey: Guid(682240d683effeb4ab4b8dabda22bd3c) Importer(815301076,1909f56bfc062723c751e8b465ee728b)
Start importing Assets/Scenes/GreyBox2 1.unity using Guid(682240d683effeb4ab4b8dabda22bd3c) Importer(815301076,1909f56bfc062723c751e8b465ee728b)  -> (artifact id: 'c9c3e5e2aa270997c1852fbc3babcba8') in 0.009264 seconds
  Import took 0.012273 seconds .

========================================================================
Received Import Request.
  Time since last request: 27.255493 seconds.
  path: Assets/Scenes/MainScene.unity
  artifactKey: Guid(682240d683effeb4ab4b8dabda22bd3c) Importer(815301076,1909f56bfc062723c751e8b465ee728b)
Start importing Assets/Scenes/MainScene.unity using Guid(682240d683effeb4ab4b8dabda22bd3c) Importer(815301076,1909f56bfc062723c751e8b465ee728b)  -> (artifact id: '380ca912da9b7d7d4c7ab946366f20bb') in 0.007548 seconds
  Import took 0.010037 seconds .

========================================================================
Received Prepare
Registering precompiled user dll's ...
Registered in 0.000549 seconds.
Begin MonoManager ReloadAssembly
Native extension for WindowsStandalone target not found
Refreshing native plugins compatible for Editor in 0.25 ms, found 0 plugins.
Preloading 0 native plugins for Editor in 0.00 ms.
Warning: Annotation not found!
UnityEngine.StackTraceUtility:ExtractStackTrace ()
UnityEditor.ProBuilder.EditorUtility:SetGizmoIconEnabled (System.Type,bool) (at Library/PackageCache/com.unity.probuilder@4.4.0/Editor/EditorCore/EditorUtility.cs:593)
UnityEditor.ProBuilder.HierarchyListener:.cctor () (at Library/PackageCache/com.unity.probuilder@4.4.0/Editor/EditorCore/HierarchyListener.cs:21)
System.Runtime.CompilerServices.RuntimeHelpers:RunClassConstructor (System.RuntimeTypeHandle)
UnityEditor.EditorAssemblies:ProcessInitializeOnLoadAttributes (System.Type[])

[Library/PackageCache/com.unity.probuilder@4.4.0/Editor/EditorCore/EditorUtility.cs line 593]

Invoked RoslynAnalysisRunner static constructor.
RoslynAnalysisRunner will not be running.
RoslynAnalysisRunner has terminated.
Mono: successfully reloaded assembly
- Completed reload, in  0.879 seconds
Platform modules already initialized, skipping
Refreshing native plugins compatible for Editor in 0.31 ms, found 0 plugins.
Preloading 0 native plugins for Editor in 0.00 ms.
Unloading 1473 Unused Serialized files (Serialized files now loaded: 0)
System memory in use before: 85.3 MB.
System memory in use after: 85.4 MB.

Unloading 5 unused Assets to reduce memory usage. Loaded Objects now: 1978.
Total: 2.431500 ms (FindLiveObjects: 0.218800 ms CreateObjectMapping: 0.072600 ms MarkObjects: 2.070400 ms  DeleteObjects: 0.068700 ms)

========================================================================
Received Import Request.
  Time since last request: 221.013931 seconds.
  path: Assets/Scenes/TitleScreen.unity
  artifactKey: Guid(0279da98e4ef385489c0416e386a91e4) Importer(815301076,1909f56bfc062723c751e8b465ee728b)
Start importing Assets/Scenes/TitleScreen.unity using Guid(0279da98e4ef385489c0416e386a91e4) Importer(815301076,1909f56bfc062723c751e8b465ee728b)  -> (artifact id: 'da640e64762427cff43dc7dd4330fda0') in 0.011978 seconds
  Import took 0.014284 seconds .

========================================================================
Received Import Request.
  Time since last request: 20.432349 seconds.
  path: Assets/Scenes/MainScene.unity
  artifactKey: Guid(682240d683effeb4ab4b8dabda22bd3c) Importer(815301076,1909f56bfc062723c751e8b465ee728b)
Start importing Assets/Scenes/MainScene.unity using Guid(682240d683effeb4ab4b8dabda22bd3c) Importer(815301076,1909f56bfc062723c751e8b465ee728b)  -> (artifact id: '9a8afc08d7ca92c0d5dad2e98aa15a17') in 0.002881 seconds
  Import took 0.005207 seconds .

========================================================================
Received Prepare
Registering precompiled user dll's ...
Registered in 0.000837 seconds.
Begin MonoManager ReloadAssembly
Native extension for WindowsStandalone target not found
Refreshing native plugins compatible for Editor in 0.25 ms, found 0 plugins.
Preloading 0 native plugins for Editor in 0.00 ms.
Warning: Annotation not found!
UnityEngine.StackTraceUtility:ExtractStackTrace ()
UnityEditor.ProBuilder.EditorUtility:SetGizmoIconEnabled (System.Type,bool) (at Library/PackageCache/com.unity.probuilder@4.4.0/Editor/EditorCore/EditorUtility.cs:593)
UnityEditor.ProBuilder.HierarchyListener:.cctor () (at Library/PackageCache/com.unity.probuilder@4.4.0/Editor/EditorCore/HierarchyListener.cs:21)
System.Runtime.CompilerServices.RuntimeHelpers:RunClassConstructor (System.RuntimeTypeHandle)
UnityEditor.EditorAssemblies:ProcessInitializeOnLoadAttributes (System.Type[])

[Library/PackageCache/com.unity.probuilder@4.4.0/Editor/EditorCore/EditorUtility.cs line 593]

Invoked RoslynAnalysisRunner static constructor.
RoslynAnalysisRunner will not be running.
RoslynAnalysisRunner has terminated.
Mono: successfully reloaded assembly
- Completed reload, in  0.730 seconds
Platform modules already initialized, skipping
Refreshing native plugins compatible for Editor in 0.27 ms, found 0 plugins.
Preloading 0 native plugins for Editor in 0.00 ms.
Unloading 1473 Unused Serialized files (Serialized files now loaded: 0)
System memory in use before: 86.3 MB.
System memory in use after: 86.4 MB.

Unloading 5 unused Assets to reduce memory usage. Loaded Objects now: 1980.
Total: 2.157900 ms (FindLiveObjects: 0.150900 ms CreateObjectMapping: 0.044400 ms MarkObjects: 1.893500 ms  DeleteObjects: 0.068400 ms)

========================================================================
Received Import Request.
  Time since last request: 6.058807 seconds.
  path: Assets/Scenes/Level1.unity
  artifactKey: Guid(682240d683effeb4ab4b8dabda22bd3c) Importer(815301076,1909f56bfc062723c751e8b465ee728b)
Start importing Assets/Scenes/Level1.unity using Guid(682240d683effeb4ab4b8dabda22bd3c) Importer(815301076,1909f56bfc062723c751e8b465ee728b)  -> (artifact id: 'f03b036bd5058fc990710a8af0bf98eb') in 0.010205 seconds
  Import took 0.012356 seconds .

========================================================================
Received Prepare
Registering precompiled user dll's ...
Registered in 0.000623 seconds.
Begin MonoManager ReloadAssembly
Native extension for WindowsStandalone target not found
Refreshing native plugins compatible for Editor in 0.27 ms, found 0 plugins.
Preloading 0 native plugins for Editor in 0.00 ms.
Warning: Annotation not found!
UnityEngine.StackTraceUtility:ExtractStackTrace ()
UnityEditor.ProBuilder.EditorUtility:SetGizmoIconEnabled (System.Type,bool) (at Library/PackageCache/com.unity.probuilder@4.4.0/Editor/EditorCore/EditorUtility.cs:593)
UnityEditor.ProBuilder.HierarchyListener:.cctor () (at Library/PackageCache/com.unity.probuilder@4.4.0/Editor/EditorCore/HierarchyListener.cs:21)
System.Runtime.CompilerServices.RuntimeHelpers:RunClassConstructor (System.RuntimeTypeHandle)
UnityEditor.EditorAssemblies:ProcessInitializeOnLoadAttributes (System.Type[])

[Library/PackageCache/com.unity.probuilder@4.4.0/Editor/EditorCore/EditorUtility.cs line 593]

Invoked RoslynAnalysisRunner static constructor.
RoslynAnalysisRunner will not be running.
RoslynAnalysisRunner has terminated.
Mono: successfully reloaded assembly
- Completed reload, in  0.774 seconds
Platform modules already initialized, skipping
Refreshing native plugins compatible for Editor in 0.28 ms, found 0 plugins.
Preloading 0 native plugins for Editor in 0.00 ms.
Unloading 1473 Unused Serialized files (Serialized files now loaded: 0)
System memory in use before: 86.4 MB.
System memory in use after: 86.4 MB.

Unloading 5 unused Assets to reduce memory usage. Loaded Objects now: 1982.
Total: 2.060300 ms (FindLiveObjects: 0.179500 ms CreateObjectMapping: 0.052700 ms MarkObjects: 1.764400 ms  DeleteObjects: 0.062700 ms)

AssetImportWorkerClient::OnTransportError - code=2 error=End of file
